{
  "RSpec": {
    "coverage": {
      "/Users/ecomsa/projects/SFW/solid_bro/lib/solid_bro.rb": {
        "lines": [
          1,
          1,
          1,
          null,
          null,
          1,
          null,
          null
        ],
        "branches": {}
      },
      "/Users/ecomsa/projects/SFW/solid_bro/lib/solid_bro/engine.rb": {
        "lines": [
          1,
          1,
          1,
          null,
          null,
          1,
          1,
          1,
          null,
          null,
          null,
          null,
          null,
          1,
          1,
          1,
          null,
          1,
          0,
          null,
          0,
          0,
          null,
          0,
          0,
          0,
          null,
          null,
          0,
          0,
          0,
          null,
          null,
          0,
          0,
          0,
          null,
          null,
          null,
          null,
          null,
          null
        ],
        "branches": {
          "[:if, 0, 7, 6, 9, 9]": {
            "[:then, 1, 8, 8, 8, 94]": 1,
            "[:else, 2, 7, 6, 9, 9]": 0
          },
          "[:if, 3, 15, 6, 39, 9]": {
            "[:then, 4, 16, 8, 38, 11]": 1,
            "[:else, 5, 15, 6, 39, 9]": 0
          },
          "[:if, 6, 18, 8, 38, 11]": {
            "[:then, 7, 19, 10, 37, 13]": 0,
            "[:else, 8, 18, 8, 38, 11]": 1
          },
          "[:unless, 9, 24, 10, 27, 13]": {
            "[:else, 10, 24, 10, 27, 13]": 0,
            "[:then, 11, 25, 12, 26, 31]": 0
          },
          "[:unless, 12, 29, 10, 32, 13]": {
            "[:else, 13, 29, 10, 32, 13]": 0,
            "[:then, 14, 30, 12, 31, 31]": 0
          },
          "[:if, 15, 34, 10, 37, 13]": {
            "[:then, 16, 35, 12, 36, 83]": 0,
            "[:else, 17, 34, 10, 37, 13]": 0
          }
        }
      },
      "/Users/ecomsa/projects/SFW/solid_bro/app/controllers/solid_bro/application_controller.rb": {
        "lines": [
          1,
          1,
          null,
          1,
          0,
          1,
          1,
          null,
          null,
          null,
          1,
          0,
          null,
          0,
          null,
          0,
          null,
          null,
          null,
          null,
          null,
          0,
          0,
          null,
          null,
          null,
          1,
          null,
          null
        ],
        "branches": {
          "[:if, 0, 4, 4, 8, 7]": {
            "[:then, 1, 5, 6, 5, 27]": 0,
            "[:else, 2, 6, 4, 8, 7]": 1
          },
          "[:if, 3, 6, 4, 8, 7]": {
            "[:then, 4, 7, 6, 7, 26]": 1,
            "[:else, 5, 6, 4, 8, 7]": 0
          },
          "[:if, 6, 11, 4, 25, 7]": {
            "[:then, 7, 12, 6, 24, 9]": 0,
            "[:else, 8, 11, 4, 25, 7]": 1
          }
        }
      },
      "/Users/ecomsa/projects/SFW/solid_bro/app/helpers/solid_bro/application_helper.rb": {
        "lines": [
          1,
          1,
          null,
          1,
          0,
          null,
          null,
          null,
          1,
          0,
          0,
          null,
          null,
          0,
          null,
          null,
          null,
          1,
          0,
          null,
          null,
          1,
          0,
          null,
          null,
          1,
          0,
          0,
          0,
          0,
          0,
          0,
          0,
          0,
          null,
          null,
          null,
          null
        ],
        "branches": {
          "[:if, 0, 4, 4, 6, 7]": {
            "[:then, 1, 5, 6, 5, 28]": 0,
            "[:else, 2, 4, 4, 6, 7]": 1
          },
          "[:if, 3, 10, 6, 10, 38]": {
            "[:then, 4, 10, 6, 10, 18]": 0,
            "[:else, 5, 10, 6, 10, 38]": 0
          },
          "[:if, 6, 23, 6, 23, 65]": {
            "[:then, 7, 23, 52, 23, 60]": 0,
            "[:else, 8, 23, 63, 23, 65]": 0
          },
          "[:case, 9, 27, 6, 35, 9]": {
            "[:when, 10, 28, 22, 28, 27]": 0,
            "[:when, 11, 29, 25, 29, 33]": 0,
            "[:when, 12, 30, 30, 30, 43]": 0,
            "[:when, 13, 31, 26, 31, 35]": 0,
            "[:when, 14, 32, 28, 32, 39]": 0,
            "[:when, 15, 33, 27, 33, 37]": 0,
            "[:else, 16, 34, 11, 34, 16]": 0
          }
        }
      },
      "/Users/ecomsa/projects/SFW/solid_bro/app/controllers/solid_bro/jobs_controller.rb": {
        "lines": [
          null,
          null,
          1,
          1,
          1,
          null,
          1,
          0,
          0,
          0,
          0,
          null,
          0,
          0,
          null,
          0,
          null,
          0,
          null,
          null,
          1,
          0,
          null,
          null,
          1,
          0,
          0,
          0,
          null,
          0,
          null,
          null,
          1,
          0,
          0,
          0,
          null,
          0,
          null,
          null,
          1,
          null,
          1,
          0,
          0,
          0,
          0,
          0,
          0,
          0,
          null,
          null,
          null,
          1,
          null,
          0,
          null,
          null,
          null,
          null,
          null,
          null,
          null,
          null,
          1,
          0,
          null,
          0,
          0,
          0,
          0,
          null,
          null,
          0,
          0,
          0,
          0,
          null,
          null,
          0,
          0,
          0,
          null,
          0,
          0,
          null,
          null,
          0,
          null,
          null,
          1,
          0,
          0,
          null,
          0,
          null,
          null,
          null
        ],
        "branches": {
          "[:if, 0, 8, 15, 8, 75]": {
            "[:then, 1, 8, 53, 8, 67]": 0,
            "[:else, 2, 8, 70, 8, 75]": 0
          },
          "[:if, 3, 13, 21, 17, 9]": {
            "[:then, 4, 14, 8, 14, 21]": 0,
            "[:else, 5, 16, 8, 16, 21]": 0
          },
          "[:if, 6, 27, 6, 27, 60]": {
            "[:then, 7, 27, 6, 27, 16]": 0,
            "[:else, 8, 27, 6, 27, 60]": 0
          },
          "[:case, 9, 44, 6, 51, 9]": {
            "[:when, 10, 45, 31, 45, 53]": 0,
            "[:when, 11, 46, 31, 46, 72]": 0,
            "[:when, 12, 47, 31, 47, 72]": 0,
            "[:when, 13, 48, 31, 48, 74]": 0,
            "[:when, 14, 49, 31, 49, 55]": 0,
            "[:else, 15, 50, 11, 50, 26]": 0
          },
          "[:if, 16, 66, 14, 66, 97]": {
            "[:then, 17, 66, 50, 66, 75]": 0,
            "[:else, 18, 66, 78, 66, 97]": 0
          },
          "[:if, 19, 68, 6, 72, 9]": {
            "[:then, 20, 69, 8, 71, 74]": 0,
            "[:else, 21, 68, 6, 72, 9]": 0
          },
          "[:if, 22, 74, 6, 78, 9]": {
            "[:then, 23, 75, 8, 77, 74]": 0,
            "[:else, 24, 74, 6, 78, 9]": 0
          },
          "[:if, 25, 80, 6, 86, 9]": {
            "[:then, 26, 81, 8, 82, 132]": 0,
            "[:else, 27, 84, 8, 85, 137]": 0
          },
          "[:if, 28, 81, 8, 81, 136]": {
            "[:then, 29, 81, 8, 81, 97]": 0,
            "[:else, 30, 81, 8, 81, 136]": 0
          },
          "[:if, 31, 82, 8, 82, 132]": {
            "[:then, 32, 82, 8, 82, 95]": 0,
            "[:else, 33, 82, 8, 82, 132]": 0
          },
          "[:if, 34, 84, 8, 84, 141]": {
            "[:then, 35, 84, 8, 84, 103]": 0,
            "[:else, 36, 84, 8, 84, 141]": 0
          },
          "[:if, 37, 85, 8, 85, 137]": {
            "[:then, 38, 85, 8, 85, 101]": 0,
            "[:else, 39, 85, 8, 85, 137]": 0
          },
          "[:if, 40, 92, 6, 92, 32]": {
            "[:then, 41, 92, 6, 92, 16]": 0,
            "[:else, 42, 92, 6, 92, 32]": 0
          }
        }
      },
      "/Users/ecomsa/projects/SFW/solid_bro/app/controllers/solid_bro/processes_controller.rb": {
        "lines": [
          1,
          1,
          1,
          0,
          null,
          null,
          null
        ],
        "branches": {}
      },
      "/Users/ecomsa/projects/SFW/solid_bro/app/controllers/solid_bro/queues_controller.rb": {
        "lines": [
          1,
          1,
          1,
          null,
          4,
          null,
          null,
          1,
          null,
          1,
          null,
          null,
          1,
          null,
          1,
          null,
          null,
          1,
          1,
          1,
          null,
          1,
          null,
          null,
          null
        ],
        "branches": {}
      },
      "/Users/ecomsa/projects/SFW/solid_bro/app/controllers/solid_bro/recurring_tasks_controller.rb": {
        "lines": [
          null,
          null,
          1,
          1,
          1,
          0,
          null,
          null,
          null
        ],
        "branches": {}
      },
      "/Users/ecomsa/projects/SFW/solid_bro/app/jobs/solid_bro/application_job.rb": {
        "lines": [
          1,
          1,
          null,
          null
        ],
        "branches": {}
      },
      "/Users/ecomsa/projects/SFW/solid_bro/app/mailers/solid_bro/application_mailer.rb": {
        "lines": [
          1,
          1,
          1,
          1,
          null,
          null
        ],
        "branches": {}
      },
      "/Users/ecomsa/projects/SFW/solid_bro/app/models/solid_bro/application_record.rb": {
        "lines": [
          1,
          1,
          1,
          null,
          null
        ],
        "branches": {}
      },
      "/Users/ecomsa/projects/SFW/solid_bro/lib/generators/solid_bro/install/install_generator.rb": {
        "lines": [
          null,
          null,
          0,
          0,
          0,
          0,
          null,
          0,
          null,
          0,
          0,
          null,
          0,
          0,
          null,
          0,
          0,
          0,
          null,
          0,
          0,
          0,
          0,
          null,
          0,
          0,
          0,
          0,
          0,
          0,
          0,
          0,
          0,
          null,
          0,
          0,
          null,
          0,
          null,
          0,
          0,
          null,
          0,
          0,
          0,
          0,
          null,
          0,
          0,
          0,
          0,
          0,
          0,
          0,
          0,
          0
        ],
        "branches": {}
      },
      "/Users/ecomsa/projects/SFW/solid_bro/lib/solid_bro/version.rb": {
        "lines": [
          0,
          0,
          0
        ],
        "branches": {}
      }
    },
    "timestamp": 1770975785
  }
}
