{
  "RSpec": {
    "coverage": {
      "/Users/ecomsa/projects/SFW/solid_bro/lib/solid_bro.rb": {
        "lines": [
          1,
          1,
          1,
          null,
          null,
          1,
          null,
          null
        ],
        "branches": {}
      },
      "/Users/ecomsa/projects/SFW/solid_bro/lib/solid_bro/engine.rb": {
        "lines": [
          1,
          1,
          1,
          null,
          null
        ],
        "branches": {}
      },
      "/Users/ecomsa/projects/SFW/solid_bro/app/helpers/solid_bro/application_helper.rb": {
        "lines": [
          1,
          1,
          null,
          1,
          4,
          2,
          null,
          null,
          0,
          null,
          null,
          null,
          1,
          42,
          null,
          null,
          1,
          42,
          null,
          null,
          1,
          7,
          3,
          1,
          0,
          0,
          0,
          3,
          0,
          null,
          null,
          null,
          null
        ],
        "branches": {
          "[:if, 0, 5, 6, 5, 38]": {
            "[:then, 1, 5, 6, 5, 18]": 2,
            "[:else, 2, 5, 6, 5, 38]": 2
          },
          "[:if, 3, 18, 6, 18, 65]": {
            "[:then, 4, 18, 52, 18, 60]": 7,
            "[:else, 5, 18, 63, 18, 65]": 35
          },
          "[:case, 6, 22, 6, 30, 9]": {
            "[:when, 7, 23, 22, 23, 27]": 3,
            "[:when, 8, 24, 25, 24, 33]": 1,
            "[:when, 9, 25, 30, 25, 43]": 0,
            "[:when, 10, 26, 26, 26, 35]": 0,
            "[:when, 11, 27, 28, 27, 39]": 0,
            "[:when, 12, 28, 27, 28, 37]": 3,
            "[:else, 13, 29, 11, 29, 16]": 0
          }
        }
      },
      "/Users/ecomsa/projects/SFW/solid_bro/app/jobs/solid_bro/application_job.rb": {
        "lines": [
          1,
          1,
          null,
          null
        ],
        "branches": {}
      },
      "/Users/ecomsa/projects/SFW/solid_bro/app/mailers/solid_bro/application_mailer.rb": {
        "lines": [
          1,
          1,
          1,
          1,
          null,
          null
        ],
        "branches": {}
      },
      "/Users/ecomsa/projects/SFW/solid_bro/app/models/solid_bro/application_record.rb": {
        "lines": [
          1,
          1,
          1,
          null,
          null
        ],
        "branches": {}
      },
      "/Users/ecomsa/projects/SFW/solid_bro/app/controllers/solid_bro/jobs_controller.rb": {
        "lines": [
          null,
          null,
          1,
          1,
          1,
          null,
          1,
          7,
          7,
          7,
          7,
          7,
          null,
          null,
          1,
          1,
          null,
          null,
          1,
          1,
          1,
          0,
          null,
          1,
          null,
          null,
          1,
          1,
          1,
          1,
          null,
          0,
          null,
          null,
          1,
          null,
          1,
          7,
          1,
          0,
          0,
          0,
          3,
          3,
          null,
          null,
          null,
          1,
          null,
          7,
          null,
          null,
          null,
          null,
          null,
          null,
          null,
          null,
          1,
          7,
          null,
          7,
          1,
          1,
          1,
          null,
          null,
          7,
          1,
          1,
          1,
          null,
          null,
          7,
          3,
          3,
          null,
          4,
          4,
          null,
          null,
          7,
          null,
          null,
          1,
          4,
          4,
          null,
          0,
          null,
          null,
          null
        ],
        "branches": {
          "[:if, 0, 8, 15, 8, 75]": {
            "[:then, 1, 8, 53, 8, 67]": 7,
            "[:else, 2, 8, 70, 8, 75]": 0
          },
          "[:if, 3, 21, 6, 21, 60]": {
            "[:then, 4, 21, 6, 21, 16]": 1,
            "[:else, 5, 21, 6, 21, 60]": 0
          },
          "[:case, 6, 38, 6, 45, 9]": {
            "[:when, 7, 39, 31, 39, 53]": 1,
            "[:when, 8, 40, 31, 40, 72]": 0,
            "[:when, 9, 41, 31, 41, 72]": 0,
            "[:when, 10, 42, 31, 42, 74]": 0,
            "[:when, 11, 43, 31, 43, 55]": 3,
            "[:else, 12, 44, 11, 44, 26]": 3
          },
          "[:if, 13, 60, 14, 60, 97]": {
            "[:then, 14, 60, 50, 60, 75]": 7,
            "[:else, 15, 60, 78, 60, 97]": 0
          },
          "[:if, 16, 62, 6, 66, 9]": {
            "[:then, 17, 63, 8, 65, 74]": 1,
            "[:else, 18, 62, 6, 66, 9]": 6
          },
          "[:if, 19, 68, 6, 72, 9]": {
            "[:then, 20, 69, 8, 71, 74]": 1,
            "[:else, 21, 68, 6, 72, 9]": 6
          },
          "[:if, 22, 74, 6, 80, 9]": {
            "[:then, 23, 75, 8, 76, 132]": 3,
            "[:else, 24, 78, 8, 79, 137]": 4
          },
          "[:if, 25, 75, 8, 75, 136]": {
            "[:then, 26, 75, 8, 75, 97]": 2,
            "[:else, 27, 75, 8, 75, 136]": 1
          },
          "[:if, 28, 76, 8, 76, 132]": {
            "[:then, 29, 76, 8, 76, 95]": 2,
            "[:else, 30, 76, 8, 76, 132]": 1
          },
          "[:if, 31, 78, 8, 78, 141]": {
            "[:then, 32, 78, 8, 78, 103]": 0,
            "[:else, 33, 78, 8, 78, 141]": 4
          },
          "[:if, 34, 79, 8, 79, 137]": {
            "[:then, 35, 79, 8, 79, 101]": 0,
            "[:else, 36, 79, 8, 79, 137]": 4
          },
          "[:if, 37, 86, 6, 86, 32]": {
            "[:then, 38, 86, 6, 86, 16]": 0,
            "[:else, 39, 86, 6, 86, 32]": 4
          }
        }
      },
      "/Users/ecomsa/projects/SFW/solid_bro/app/controllers/solid_bro/application_controller.rb": {
        "lines": [
          1,
          1,
          1,
          1,
          null,
          null
        ],
        "branches": {}
      },
      "/Users/ecomsa/projects/SFW/solid_bro/app/controllers/solid_bro/queues_controller.rb": {
        "lines": [
          1,
          1,
          1,
          null,
          4,
          null,
          null,
          1,
          null,
          1,
          null,
          null,
          1,
          null,
          1,
          null,
          null,
          null
        ],
        "branches": {}
      },
      "/Users/ecomsa/projects/SFW/solid_bro/app/controllers/solid_bro/processes_controller.rb": {
        "lines": [
          1,
          1,
          1,
          1,
          null,
          null,
          null
        ],
        "branches": {}
      },
      "/Users/ecomsa/projects/SFW/solid_bro/app/controllers/solid_bro/recurring_tasks_controller.rb": {
        "lines": [
          null,
          null,
          1,
          1,
          1,
          1,
          null,
          null,
          null
        ],
        "branches": {}
      },
      "/Users/ecomsa/projects/SFW/solid_bro/lib/solid_bro/version.rb": {
        "lines": [
          0,
          0,
          0
        ],
        "branches": {}
      }
    },
    "timestamp": 1770022097
  }
}
